[01:19:58] [main/INFO] (FabricLoader/GameProvider) Loading Minecraft 1.19.4 with Fabric Loader 0.16.9
[01:19:58] [main/INFO] (FabricLoader) Loading 57 mods:
	- chest-test 1.0-SNAPSHOT
	- fabric-api 0.87.2+1.19.4
	- fabric-api-base 0.4.28+737a6ee8f4
	- fabric-api-lookup-api-v1 1.6.29+504944c8f4
	- fabric-biome-api-v1 13.0.10+6b242079f4
	- fabric-block-api-v1 1.0.8+e022e5d1f4
	- fabric-blockrenderlayer-v1 1.1.38+10ce000ff4
	- fabric-client-tags-api-v1 1.1.1+0eee1254f4
	- fabric-command-api-v1 1.2.31+f71b366ff4
	- fabric-command-api-v2 2.2.10+10ce000ff4
	- fabric-commands-v0 0.2.48+df3654b3f4
	- fabric-containers-v0 0.1.59+df3654b3f4
	- fabric-content-registries-v0 3.5.14+10ce000ff4
	- fabric-convention-tags-v1 1.5.3+6d727b51f4
	- fabric-crash-report-info-v1 0.2.17+aeb40ebef4
	- fabric-data-generation-api-v1 11.5.2+26f09d40f4
	- fabric-dimensions-v1 2.1.50+44c9c860f4
	- fabric-entity-events-v1 1.5.17+10ce000ff4
	- fabric-events-interaction-v0 0.6.1+4b6b93f0f4
	- fabric-events-lifecycle-v0 0.2.56+df3654b3f4
	- fabric-game-rule-api-v1 1.0.36+3f657af2f4
	- fabric-gametest-api-v1 1.2.9+10ce000ff4
	- fabric-item-api-v1 2.1.21+10ce000ff4
	- fabric-item-group-api-v1 3.0.10+8400c67ef4
	- fabric-key-binding-api-v1 1.0.35+504944c8f4
	- fabric-keybindings-v0 0.2.33+df3654b3f4
	- fabric-lifecycle-events-v1 2.2.19+10ce000ff4
	- fabric-loot-api-v2 1.1.32+10ce000ff4
	- fabric-loot-tables-v1 1.1.36+9e7660c6f4
	- fabric-message-api-v1 5.1.5+53c11dadf4
	- fabric-mining-level-api-v1 2.1.44+10ce000ff4
	- fabric-model-loading-api-v1 1.0.2+3a1ea2f1f4
	- fabric-models-v0 0.4.1+a0255436f4
	- fabric-networking-api-v1 1.3.6+ae9c4c6af4
	- fabric-networking-v0 0.3.46+df3654b3f4
	- fabric-object-builder-api-v1 7.1.1+d63b52eaf4
	- fabric-particles-v1 1.1.1+86d48884f4
	- fabric-recipe-api-v1 1.0.13+10ce000ff4
	- fabric-registry-sync-v0 2.3.2+95ae8716f4
	- fabric-renderer-api-v1 2.4.2+90110d8df4
	- fabric-renderer-indigo 1.4.2+90110d8df4
	- fabric-renderer-registries-v1 3.2.42+df3654b3f4
	- fabric-rendering-data-attachment-v1 0.3.32+10ce000ff4
	- fabric-rendering-fluids-v1 3.0.25+10ce000ff4
	- fabric-rendering-v0 1.1.45+df3654b3f4
	- fabric-rendering-v1 2.1.5+10ce000ff4
	- fabric-resource-conditions-api-v1 2.3.3+10ce000ff4
	- fabric-resource-loader-v0 0.11.7+8400c67ef4
	- fabric-screen-api-v1 1.0.49+10ce000ff4
	- fabric-screen-handler-api-v1 1.3.25+10ce000ff4
	- fabric-sound-api-v1 1.0.11+10ce000ff4
	- fabric-transfer-api-v1 3.3.1+602c17c7f4
	- fabric-transitive-access-wideners-v1 3.3.0+1b5f819af4
	- fabricloader 0.16.9
	- java 17
	- minecraft 1.19.4
	- mixinextras 0.4.1
[01:19:58] [main/INFO] (FabricLoader/Mixin) SpongePowered MIXIN Subsystem Version=0.8.7 Source=file:/Users/emi/.gradle/caches/modules-2/files-2.1/net.fabricmc/sponge-mixin/0.15.4+mixin.0.8.7/6a12aacc794f1078458433116e9ed42c1cc98096/sponge-mixin-0.15.4+mixin.0.8.7.jar Service=Knot/Fabric Env=CLIENT
[01:19:58] [main/INFO] (FabricLoader/Mixin) Loaded Fabric development mappings for mixin remapper!
[01:19:58] [main/INFO] (FabricLoader/Mixin) Compatibility level set to JAVA_16
[01:19:58] [main/INFO] (FabricLoader/Mixin) Compatibility level set to JAVA_17
[01:19:59] [main/INFO] (FabricLoader/MixinExtras|Service) Initializing MixinExtras via com.llamalad7.mixinextras.service.MixinExtrasServiceImpl(version=0.4.1).
[01:20:01] [Datafixer Bootstrap/INFO] (Minecraft) 180 Datafixer optimizations took 65 milliseconds
[01:20:02] [Render thread/INFO] (Minecraft) Environment: authHost='https://authserver.mojang.com', accountsHost='https://api.mojang.com', sessionHost='https://sessionserver.mojang.com', servicesHost='https://api.minecraftservices.com', name='PROD'
[01:20:03] [Render thread/ERROR] (Minecraft) Failed to verify authentication
com.mojang.authlib.exceptions.InvalidCredentialsException: Status: 401
	at com.mojang.authlib.exceptions.MinecraftClientHttpException.toAuthenticationException(MinecraftClientHttpException.java:56) ~[authlib-3.18.38.jar:?]
	at com.mojang.authlib.yggdrasil.YggdrasilUserApiService.fetchProperties(YggdrasilUserApiService.java:156) ~[authlib-3.18.38.jar:?]
	at com.mojang.authlib.yggdrasil.YggdrasilUserApiService.<init>(YggdrasilUserApiService.java:55) ~[authlib-3.18.38.jar:?]
	at com.mojang.authlib.yggdrasil.YggdrasilAuthenticationService.createUserApiService(YggdrasilAuthenticationService.java:161) ~[authlib-3.18.38.jar:?]
	at net.minecraft.client.MinecraftClient.createUserApiService(MinecraftClient.java:747) ~[minecraft-clientOnly-5b0100313b-1.19.4-net.fabricmc.yarn.1_19_4.1.19.4+build.2-v2.jar:?]
	at net.minecraft.client.MinecraftClient.<init>(MinecraftClient.java:501) ~[minecraft-clientOnly-5b0100313b-1.19.4-net.fabricmc.yarn.1_19_4.1.19.4+build.2-v2.jar:?]
	at net.minecraft.client.main.Main.main(Main.java:175) ~[minecraft-clientOnly-5b0100313b-1.19.4-net.fabricmc.yarn.1_19_4.1.19.4+build.2-v2.jar:?]
	at net.fabricmc.loader.impl.game.minecraft.MinecraftGameProvider.launch(MinecraftGameProvider.java:480) ~[fabric-loader-0.16.9.jar:?]
	at net.fabricmc.loader.impl.launch.knot.Knot.launch(Knot.java:74) ~[fabric-loader-0.16.9.jar:?]
	at net.fabricmc.loader.impl.launch.knot.KnotClient.main(KnotClient.java:23) ~[fabric-loader-0.16.9.jar:?]
	at net.fabricmc.devlaunchinjector.Main.main(Main.java:86) ~[dev-launch-injector-0.2.1+build.8.jar:?]
Caused by: com.mojang.authlib.exceptions.MinecraftClientHttpException: Status: 401
	at com.mojang.authlib.minecraft.client.MinecraftClient.readInputStream(MinecraftClient.java:85) ~[authlib-3.18.38.jar:?]
	at com.mojang.authlib.minecraft.client.MinecraftClient.get(MinecraftClient.java:48) ~[authlib-3.18.38.jar:?]
	at com.mojang.authlib.yggdrasil.YggdrasilUserApiService.fetchProperties(YggdrasilUserApiService.java:129) ~[authlib-3.18.38.jar:?]
	... 9 more
[01:20:03] [Render thread/INFO] (Minecraft) Setting user: Player793
[01:20:03] [Render thread/INFO] (Indigo) [Indigo] Registering Indigo renderer!
[01:20:03] [Render thread/INFO] (Minecraft) Backend library: LWJGL version 3.3.1 SNAPSHOT
[01:20:04] [Render thread/INFO] (Minecraft) Reloading ResourceManager: vanilla, fabric (fabric-crash-report-info-v1, fabric-blockrenderlayer-v1, fabric-loot-api-v2, fabric-events-interaction-v0, fabric-renderer-indigo, fabric-api-base, fabric-resource-loader-v0, fabric-mining-level-api-v1, fabric-convention-tags-v1, fabric-content-registries-v0, fabric-block-api-v1, fabric-events-lifecycle-v0, fabric-renderer-api-v1, fabric-containers-v0, fabric-model-loading-api-v1, fabric-rendering-data-attachment-v1, fabric-object-builder-api-v1, fabric-data-generation-api-v1, fabric-screen-api-v1, fabric-key-binding-api-v1, fabric-dimensions-v1, fabric-gametest-api-v1, fabric-api, fabric-message-api-v1, fabricloader, fabric-game-rule-api-v1, fabric-commands-v0, fabric-registry-sync-v0, fabric-recipe-api-v1, fabric-sound-api-v1, fabric-client-tags-api-v1, fabric-particles-v1, fabric-transitive-access-wideners-v1, fabric-api-lookup-api-v1, fabric-keybindings-v0, fabric-renderer-registries-v1, fabric-item-api-v1, fabric-rendering-v1, fabric-screen-handler-api-v1, fabric-resource-conditions-api-v1, fabric-networking-api-v1, fabric-models-v0, fabric-rendering-v0, fabric-networking-v0, fabric-rendering-fluids-v1, fabric-lifecycle-events-v1, fabric-command-api-v2, fabric-item-group-api-v1, fabric-command-api-v1, fabric-biome-api-v1, fabric-loot-tables-v1, fabric-entity-events-v1, fabric-transfer-api-v1)
[01:20:05] [Realms Notification Availability checker #1/INFO] (Minecraft) Could not authorize you against Realms server: Invalid session id
[01:20:05] [Render thread/WARN] (Minecraft) Missing sound for event: minecraft:item.brush.brushing
[01:20:05] [Render thread/WARN] (Minecraft) Missing sound for event: minecraft:item.brush.brush_sand_completed
[01:20:05] [Render thread/WARN] (Minecraft) Missing sound for event: minecraft:item.goat_horn.play
[01:20:05] [Render thread/WARN] (Minecraft) Missing sound for event: minecraft:entity.goat.screaming.horn_break
[01:20:05] [Render thread/WARN] (Minecraft) Missing sound for event: minecraft:music.overworld.cherry_grove
[01:20:08] [Render thread/INFO] (Minecraft) OpenAL initialized on device CoreAudio Default
[01:20:08] [Render thread/INFO] (Minecraft) Sound engine started
[01:20:08] [Render thread/INFO] (Minecraft) Created: 1024x512x4 minecraft:textures/atlas/blocks.png-atlas
[01:20:08] [Render thread/INFO] (Minecraft) Created: 256x256x4 minecraft:textures/atlas/signs.png-atlas
[01:20:08] [Render thread/INFO] (Minecraft) Created: 512x512x4 minecraft:textures/atlas/banner_patterns.png-atlas
[01:20:08] [Render thread/INFO] (Minecraft) Created: 512x512x4 minecraft:textures/atlas/shield_patterns.png-atlas
[01:20:08] [Render thread/INFO] (Minecraft) Created: 1024x1024x4 minecraft:textures/atlas/armor_trims.png-atlas
[01:20:08] [Render thread/INFO] (Minecraft) Created: 256x256x4 minecraft:textures/atlas/chest.png-atlas
[01:20:08] [Render thread/INFO] (Minecraft) Created: 64x64x4 minecraft:textures/atlas/decorated_pot.png-atlas
[01:20:08] [Render thread/INFO] (Minecraft) Created: 512x256x4 minecraft:textures/atlas/beds.png-atlas
[01:20:08] [Render thread/INFO] (Minecraft) Created: 512x256x4 minecraft:textures/atlas/shulker_boxes.png-atlas
[01:20:08] [Render thread/WARN] (Minecraft) Shader rendertype_entity_translucent_emissive could not find sampler named Sampler2 in the specified shader program.
[01:20:08] [Render thread/INFO] (Minecraft) Created: 256x256x0 minecraft:textures/atlas/particles.png-atlas
[01:20:08] [Render thread/INFO] (Minecraft) Created: 256x256x0 minecraft:textures/atlas/paintings.png-atlas
[01:20:08] [Render thread/INFO] (Minecraft) Created: 128x128x0 minecraft:textures/atlas/mob_effects.png-atlas
[01:20:21] [Render thread/INFO] (Minecraft) Loaded 7 recipes
[01:20:21] [Render thread/INFO] (Minecraft) Loaded 1179 advancements
[01:20:22] [Render thread/INFO] (BiomeModificationImpl) Applied 0 biome modifications to 0 of 63 new biomes in 737.5 μs
[01:20:22] [Server thread/INFO] (Minecraft) Starting integrated minecraft server version 1.19.4
[01:20:22] [Server thread/INFO] (Minecraft) Generating keypair
[01:20:23] [Server thread/INFO] (Minecraft) Preparing start region for dimension minecraft:overworld
[01:20:26] [Render thread/INFO] (Minecraft) Preparing spawn area: 0%
[01:20:26] [Render thread/INFO] (Minecraft) Preparing spawn area: 0%
[01:20:26] [Render thread/INFO] (Minecraft) Preparing spawn area: 0%
[01:20:26] [Render thread/INFO] (Minecraft) Preparing spawn area: 0%
[01:20:26] [Render thread/INFO] (Minecraft) Preparing spawn area: 0%
[01:20:26] [Render thread/INFO] (Minecraft) Preparing spawn area: 0%
[01:20:26] [Render thread/INFO] (Minecraft) Preparing spawn area: 31%
[01:20:27] [Render thread/INFO] (Minecraft) Time elapsed: 3432 ms
[01:20:27] [Server thread/INFO] (Minecraft) Changing view distance to 12, from 10
[01:20:27] [Server thread/INFO] (Minecraft) Changing simulation distance to 12, from 0
[01:20:27] [Server thread/INFO] (Minecraft) Player793[local:E:b8eff503] logged in with entity id 144 at (17.264704460065946, 70.0, 51.42205915451839)
[01:20:27] [Server thread/INFO] (Minecraft) Player793 joined the game
[01:20:28] [Render thread/INFO] (Minecraft) Loaded 2 advancements
[01:20:30] [Server thread/INFO] (Minecraft) [STDOUT]: El jugador está en modo survival y colocó un cofre.
[01:20:30] [Server thread/INFO] (Minecraft) [STDOUT]: El estado del cofre se ha establecido como 'usado'.
[01:20:32] [Server thread/INFO] (Minecraft) [STDOUT]: Chest has already been used.
[01:20:42] [Server thread/INFO] (Minecraft) [STDOUT]: Chest has already been used.
[01:20:43] [Server thread/INFO] (Minecraft) [STDOUT]: Chest has already been used.
[01:20:45] [Server thread/INFO] (Minecraft) [STDOUT]: Chest has already been used.
[01:20:46] [Server thread/INFO] (Minecraft) [STDOUT]: El jugador está en modo survival y colocó un cofre.
[01:20:46] [Server thread/INFO] (Minecraft) [STDOUT]: El estado del cofre se ha establecido como 'usado'.
[01:20:50] [Server thread/INFO] (Minecraft) [STDOUT]: Chest has already been used.
[01:20:57] [Server thread/INFO] (Minecraft) [Player793: Set own game mode to Creative Mode]
[01:20:57] [Render thread/INFO] (Minecraft) [System] [CHAT] Set own game mode to Creative Mode
[01:20:58] [Server thread/INFO] (Minecraft) Player793 has made the advancement [Acquire Hardware]
[01:20:58] [Render thread/INFO] (Minecraft) [System] [CHAT] Player793 has made the advancement [Acquire Hardware]
[01:20:58] [Server thread/INFO] (Minecraft) Player793 has made the advancement [Diamonds!]
[01:20:58] [Render thread/INFO] (Minecraft) Loaded 36 advancements
[01:20:58] [Render thread/INFO] (Minecraft) [System] [CHAT] Player793 has made the advancement [Diamonds!]
[01:20:58] [Render thread/INFO] (Minecraft) Loaded 49 advancements
[01:21:12] [Server thread/INFO] (Minecraft) [Player793: Set own game mode to Survival Mode]
[01:21:12] [Render thread/INFO] (Minecraft) [System] [CHAT] Set own game mode to Survival Mode
[01:21:14] [Server thread/INFO] (Minecraft) [STDOUT]: El jugador está en modo survival y colocó un cofre.
[01:21:14] [Server thread/INFO] (Minecraft) [STDOUT]: El estado del cofre se ha establecido como 'usado'.
[01:21:17] [Server thread/INFO] (Minecraft) [STDOUT]: Chest has already been used.
[01:21:23] [Server thread/INFO] (Minecraft) [STDOUT]: Chest has already been used.
[01:21:25] [Server thread/INFO] (Minecraft) [STDOUT]: Chest has already been used.
[01:21:27] [Server thread/INFO] (Minecraft) Saving and pausing game...
[01:21:27] [Server thread/INFO] (Minecraft) Saving chunks for level 'ServerLevel[New World]'/minecraft:overworld
[01:21:27] [Server thread/INFO] (Minecraft) Saving chunks for level 'ServerLevel[New World]'/minecraft:the_end
[01:21:27] [Server thread/INFO] (Minecraft) Saving chunks for level 'ServerLevel[New World]'/minecraft:the_nether
[01:22:10] [Server thread/INFO] (Minecraft) Player793 lost connection: Disconnected
[01:22:10] [Server thread/INFO] (Minecraft) Player793 left the game
[01:22:10] [Server thread/INFO] (Minecraft) Stopping singleplayer server as player logged out
[01:22:10] [Server thread/INFO] (Minecraft) Stopping server
[01:22:10] [Server thread/INFO] (Minecraft) Saving players
[01:22:10] [Server thread/INFO] (Minecraft) Saving worlds
[01:22:11] [Server thread/INFO] (Minecraft) Saving chunks for level 'ServerLevel[New World]'/minecraft:overworld
[01:22:11] [Server thread/INFO] (Minecraft) Saving chunks for level 'ServerLevel[New World]'/minecraft:the_end
[01:22:11] [Server thread/INFO] (Minecraft) Saving chunks for level 'ServerLevel[New World]'/minecraft:the_nether
[01:22:11] [Server thread/INFO] (Minecraft) ThreadedAnvilChunkStorage (New World): All chunks are saved
[01:22:11] [Server thread/INFO] (Minecraft) ThreadedAnvilChunkStorage (DIM1): All chunks are saved
[01:22:11] [Server thread/INFO] (Minecraft) ThreadedAnvilChunkStorage (DIM-1): All chunks are saved
[01:22:11] [Server thread/INFO] (Minecraft) ThreadedAnvilChunkStorage: All dimensions are saved
[01:22:12] [Render thread/INFO] (Minecraft) Stopping!
